This is pdfTeX, Version 3.1415926-2.3-1.40.12 (MiKTeX 2.9) (preloaded format=pdflatex 2020.2.22)  3 SEP 2023 14:42
entering extended mode
**C:/Z-others/è½¬ç§»çš„èµ„æ–™/LatexPPT-template/presentation_tex/è‹±æ–‡presenta
tion/Presentation_qy/Presentation/IScIDE2016_qy.tex

(C:/Z-others/è½¬ç§»çš„èµ„æ–™/LatexPPT-template/presentation_tex/è‹±æ–‡presentat
ion/Presentation_qy/Presentation/IScIDE2016_qy.tex
LaTeX2e <2011/06/27>
Babel <v3.8m> and hyphenation patterns for loaded.
(C:\B-Software\CTEX\MiKTeX\tex\latex\beamer\base\beamer.cls
(C:\B-Software\CTEX\MiKTeX\tex\latex\beamer\base\beamerbasercs.sty
Package: beamerbasercs 2012/02/22 (rcs-revision 46e1bc9c9b76)
)
Document Class: beamer 2011/09/12 development version 3.14 A class for typesett
ing presentations (rcs-revision 70f9d8411e54)
(C:\B-Software\CTEX\MiKTeX\tex\latex\beamer\base\beamerbasemodes.sty
Package: beamerbasemodes 2010/05/01 (rcs-revision efa082c6111d)
\beamer@tempbox=\box26
\beamer@tempcount=\count79
\c@beamerpauses=\count80

(C:\B-Software\CTEX\MiKTeX\tex\latex\beamer\base\beamerbasedecode.sty
Package: beamerbasedecode 2010/05/01 (rcs-revision efa082c6111d)
\beamer@slideinframe=\count81
\beamer@minimum=\count82
)
\beamer@commentbox=\box27
\beamer@modecount=\count83
)
(C:\B-Software\CTEX\MiKTeX\tex\generic\oberdiek\ifpdf.sty
Package: ifpdf 2011/01/30 v2.3 Provides the ifpdf switch (HO)
Package ifpdf Info: pdfTeX in PDF mode is detected.
)
\headheight=\dimen102
\headdp=\dimen103
\footheight=\dimen104
\sidebarheight=\dimen105
\beamer@tempdim=\dimen106
\beamer@finalheight=\dimen107
\beamer@animht=\dimen108
\beamer@animdp=\dimen109
\beamer@animwd=\dimen110
\beamer@leftmargin=\dimen111
\beamer@rightmargin=\dimen112
\beamer@leftsidebar=\dimen113
\beamer@rightsidebar=\dimen114
\beamer@boxsize=\dimen115
\beamer@vboxoffset=\dimen116
\beamer@descdefault=\dimen117
\beamer@descriptionwidth=\dimen118
\beamer@lastskip=\skip41
\beamer@areabox=\box28
\beamer@animcurrent=\box29
\beamer@animshowbox=\box30
\beamer@sectionbox=\box31
\beamer@logobox=\box32
\beamer@linebox=\box33
\beamer@sectioncount=\count84
\beamer@subsubsectionmax=\count85
\beamer@subsectionmax=\count86
\beamer@sectionmax=\count87
\beamer@totalheads=\count88
\beamer@headcounter=\count89
\beamer@partstartpage=\count90
\beamer@sectionstartpage=\count91
\beamer@subsectionstartpage=\count92
\beamer@animationtempa=\count93
\beamer@animationtempb=\count94
\beamer@xpos=\count95
\beamer@ypos=\count96
\beamer@showpartnumber=\count97
\beamer@currentsubsection=\count98
\beamer@coveringdepth=\count99
\beamer@sectionadjust=\count100
\beamer@tocsectionnumber=\count101

(C:\B-Software\CTEX\MiKTeX\tex\latex\beamer\base\beamerbaseoptions.sty
Package: beamerbaseoptions 2010/04/27 (rcs-revision 982469101dd6)

(C:\B-Software\CTEX\MiKTeX\tex\latex\graphics\keyval.sty
Package: keyval 1999/03/16 v1.13 key=value parser (DPC)
\KV@toks@=\toks14
))
\beamer@paperwidth=\skip42
\beamer@paperheight=\skip43

(C:\B-Software\CTEX\MiKTeX\tex\latex\geometry\geometry.sty
Package: geometry 2010/09/12 v5.6 Page Geometry

(C:\B-Software\CTEX\MiKTeX\tex\generic\oberdiek\ifvtex.sty
Package: ifvtex 2010/03/01 v1.5 Switches for detecting VTeX and its modes (HO)
Package ifvtex Info: VTeX not detected.
)
(C:\B-Software\CTEX\MiKTeX\tex\generic\ifxetex\ifxetex.sty
Package: ifxetex 2010/09/12 v0.6 Provides ifxetex conditional
)
\Gm@cnth=\count102
\Gm@cntv=\count103
\c@Gm@tempcnt=\count104
\Gm@bindingoffset=\dimen119
\Gm@wd@mp=\dimen120
\Gm@odd@mp=\dimen121
\Gm@even@mp=\dimen122
\Gm@layoutwidth=\dimen123
\Gm@layoutheight=\dimen124
\Gm@layouthoffset=\dimen125
\Gm@layoutvoffset=\dimen126
\Gm@dimlist=\toks15

(C:\B-Software\CTEX\MiKTeX\tex\latex\geometry\geometry.cfg))
(C:\B-Software\CTEX\MiKTeX\tex\latex\base\size11.clo
File: size11.clo 2007/10/19 v1.4h Standard LaTeX file (size option)
)
(C:\B-Software\CTEX\MiKTeX\tex\latex\pgf\basiclayer\pgfcore.sty
(C:\B-Software\CTEX\MiKTeX\tex\latex\graphics\graphicx.sty
Package: graphicx 1999/02/16 v1.0f Enhanced LaTeX Graphics (DPC,SPQR)

(C:\B-Software\CTEX\MiKTeX\tex\latex\graphics\graphics.sty
Package: graphics 2009/02/05 v1.0o Standard LaTeX Graphics (DPC,SPQR)

(C:\B-Software\CTEX\MiKTeX\tex\latex\graphics\trig.sty
Package: trig 1999/03/16 v1.09 sin cos tan (DPC)
)
(C:\B-Software\CTEX\MiKTeX\tex\latex\00miktex\graphics.cfg
File: graphics.cfg 2007/01/18 v1.5 graphics configuration of teTeX/TeXLive
)
Package graphics Info: Driver file: pdftex.def on input line 91.

(C:\B-Software\CTEX\MiKTeX\tex\latex\pdftex-def\pdftex.def
File: pdftex.def 2011/05/27 v0.06d Graphics/color for pdfTeX

(C:\B-Software\CTEX\MiKTeX\tex\generic\oberdiek\infwarerr.sty
Package: infwarerr 2010/04/08 v1.3 Providing info/warning/message (HO)
)
(C:\B-Software\CTEX\MiKTeX\tex\generic\oberdiek\ltxcmds.sty
Package: ltxcmds 2011/04/18 v1.20 LaTeX kernel commands for general use (HO)
)
\Gread@gobject=\count105
))
\Gin@req@height=\dimen127
\Gin@req@width=\dimen128
)
(C:\B-Software\CTEX\MiKTeX\tex\latex\pgf\systemlayer\pgfsys.sty
(C:\B-Software\CTEX\MiKTeX\tex\latex\pgf\utilities\pgfrcs.sty
(C:\B-Software\CTEX\MiKTeX\tex\generic\pgf\utilities\pgfutil-common.tex
\pgfutil@everybye=\toks16
)
(C:\B-Software\CTEX\MiKTeX\tex\generic\pgf\utilities\pgfutil-latex.def
\pgfutil@abb=\box34

(C:\B-Software\CTEX\MiKTeX\tex\latex\ms\everyshi.sty
Package: everyshi 2001/05/15 v3.00 EveryShipout Package (MS)
))
(C:\B-Software\CTEX\MiKTeX\tex\generic\pgf\utilities\pgfrcs.code.tex
Package: pgfrcs 2010/10/25 v2.10 (rcs-revision 1.24)
))
(C:\B-Software\CTEX\MiKTeX\tex\generic\pgf\systemlayer\pgfsys.code.tex
Package: pgfsys 2010/06/30 v2.10 (rcs-revision 1.37)

(C:\B-Software\CTEX\MiKTeX\tex\generic\pgf\utilities\pgfkeys.code.tex
\pgfkeys@pathtoks=\toks17
\pgfkeys@temptoks=\toks18

(C:\B-Software\CTEX\MiKTeX\tex\generic\pgf\utilities\pgfkeysfiltered.code.tex
\pgfkeys@tmptoks=\toks19
))
\pgf@x=\dimen129
\pgf@y=\dimen130
\pgf@xa=\dimen131
\pgf@ya=\dimen132
\pgf@xb=\dimen133
\pgf@yb=\dimen134
\pgf@xc=\dimen135
\pgf@yc=\dimen136
\w@pgf@writea=\write3
\r@pgf@reada=\read1
\c@pgf@counta=\count106
\c@pgf@countb=\count107
\c@pgf@countc=\count108
\c@pgf@countd=\count109
(C:\B-Software\CTEX\MiKTeX\tex\generic\pgf\systemlayer\pgf.cfg
File: pgf.cfg 2008/05/14  (rcs-revision 1.7)
)
Package pgfsys Info: Driver file for pgf: pgfsys-pdftex.def on input line 900.

(C:\B-Software\CTEX\MiKTeX\tex\generic\pgf\systemlayer\pgfsys-pdftex.def
File: pgfsys-pdftex.def 2009/05/22  (rcs-revision 1.26)

(C:\B-Software\CTEX\MiKTeX\tex\generic\pgf\systemlayer\pgfsys-common-pdf.def
File: pgfsys-common-pdf.def 2008/05/19  (rcs-revision 1.10)
))) (C:\B-Software\CTEX\MiKTeX\tex\generic\pgf\systemlayer\pgfsyssoftpath.code.
tex
File: pgfsyssoftpath.code.tex 2008/07/18  (rcs-revision 1.7)
\pgfsyssoftpath@smallbuffer@items=\count110
\pgfsyssoftpath@bigbuffer@items=\count111
)
(C:\B-Software\CTEX\MiKTeX\tex\generic\pgf\systemlayer\pgfsysprotocol.code.tex
File: pgfsysprotocol.code.tex 2006/10/16  (rcs-revision 1.4)
)) (C:\B-Software\CTEX\MiKTeX\tex\latex\xcolor\xcolor.sty
Package: xcolor 2007/01/21 v2.11 LaTeX color extensions (UK)

(C:\B-Software\CTEX\MiKTeX\tex\latex\00miktex\color.cfg
File: color.cfg 2007/01/18 v1.5 color configuration of teTeX/TeXLive
)
Package xcolor Info: Driver file: pdftex.def on input line 225.
Package xcolor Info: Model `cmy' substituted by `cmy0' on input line 1337.
Package xcolor Info: Model `hsb' substituted by `rgb' on input line 1341.
Package xcolor Info: Model `RGB' extended on input line 1353.
Package xcolor Info: Model `HTML' substituted by `rgb' on input line 1355.
Package xcolor Info: Model `Hsb' substituted by `hsb' on input line 1356.
Package xcolor Info: Model `tHsb' substituted by `hsb' on input line 1357.
Package xcolor Info: Model `HSB' substituted by `hsb' on input line 1358.
Package xcolor Info: Model `Gray' substituted by `gray' on input line 1359.
Package xcolor Info: Model `wave' substituted by `hsb' on input line 1360.
)
(C:\B-Software\CTEX\MiKTeX\tex\generic\pgf\basiclayer\pgfcore.code.tex
Package: pgfcore 2010/04/11 v2.10 (rcs-revision 1.7)

(C:\B-Software\CTEX\MiKTeX\tex\generic\pgf\math\pgfmath.code.tex
(C:\B-Software\CTEX\MiKTeX\tex\generic\pgf\math\pgfmathcalc.code.tex
(C:\B-Software\CTEX\MiKTeX\tex\generic\pgf\math\pgfmathutil.code.tex)
(C:\B-Software\CTEX\MiKTeX\tex\generic\pgf\math\pgfmathparser.code.tex
\pgfmath@dimen=\dimen137
\pgfmath@count=\count112
\pgfmath@box=\box35
\pgfmath@toks=\toks20
\pgfmath@stack@operand=\toks21
\pgfmath@stack@operation=\toks22
)
(C:\B-Software\CTEX\MiKTeX\tex\generic\pgf\math\pgfmathfunctions.code.tex
(C:\B-Software\CTEX\MiKTeX\tex\generic\pgf\math\pgfmathfunctions.basic.code.tex
)
(C:\B-Software\CTEX\MiKTeX\tex\generic\pgf\math\pgfmathfunctions.trigonometric.
code.tex)
(C:\B-Software\CTEX\MiKTeX\tex\generic\pgf\math\pgfmathfunctions.random.code.te
x)
(C:\B-Software\CTEX\MiKTeX\tex\generic\pgf\math\pgfmathfunctions.comparison.cod
e.tex)
(C:\B-Software\CTEX\MiKTeX\tex\generic\pgf\math\pgfmathfunctions.base.code.tex)

(C:\B-Software\CTEX\MiKTeX\tex\generic\pgf\math\pgfmathfunctions.round.code.tex
)
(C:\B-Software\CTEX\MiKTeX\tex\generic\pgf\math\pgfmathfunctions.misc.code.tex)
)) (C:\B-Software\CTEX\MiKTeX\tex\generic\pgf\math\pgfmathfloat.code.tex
\c@pgfmathroundto@lastzeros=\count113
))
(C:\B-Software\CTEX\MiKTeX\tex\generic\pgf\basiclayer\pgfcorepoints.code.tex
File: pgfcorepoints.code.tex 2010/04/09  (rcs-revision 1.20)
\pgf@picminx=\dimen138
\pgf@picmaxx=\dimen139
\pgf@picminy=\dimen140
\pgf@picmaxy=\dimen141
\pgf@pathminx=\dimen142
\pgf@pathmaxx=\dimen143
\pgf@pathminy=\dimen144
\pgf@pathmaxy=\dimen145
\pgf@xx=\dimen146
\pgf@xy=\dimen147
\pgf@yx=\dimen148
\pgf@yy=\dimen149
\pgf@zx=\dimen150
\pgf@zy=\dimen151
)
(C:\B-Software\CTEX\MiKTeX\tex\generic\pgf\basiclayer\pgfcorepathconstruct.code
.tex
File: pgfcorepathconstruct.code.tex 2010/08/03  (rcs-revision 1.24)
\pgf@path@lastx=\dimen152
\pgf@path@lasty=\dimen153
)
(C:\B-Software\CTEX\MiKTeX\tex\generic\pgf\basiclayer\pgfcorepathusage.code.tex
File: pgfcorepathusage.code.tex 2008/04/22  (rcs-revision 1.12)
\pgf@shorten@end@additional=\dimen154
\pgf@shorten@start@additional=\dimen155
) (C:\B-Software\CTEX\MiKTeX\tex\generic\pgf\basiclayer\pgfcorescopes.code.tex
File: pgfcorescopes.code.tex 2010/09/08  (rcs-revision 1.34)
\pgfpic=\box36
\pgf@hbox=\box37
\pgf@layerbox@main=\box38
\pgf@picture@serial@count=\count114
)
(C:\B-Software\CTEX\MiKTeX\tex\generic\pgf\basiclayer\pgfcoregraphicstate.code.
tex
File: pgfcoregraphicstate.code.tex 2008/04/22  (rcs-revision 1.9)
\pgflinewidth=\dimen156
)
(C:\B-Software\CTEX\MiKTeX\tex\generic\pgf\basiclayer\pgfcoretransformations.co
de.tex
File: pgfcoretransformations.code.tex 2009/06/10  (rcs-revision 1.11)
\pgf@pt@x=\dimen157
\pgf@pt@y=\dimen158
\pgf@pt@temp=\dimen159
)
(C:\B-Software\CTEX\MiKTeX\tex\generic\pgf\basiclayer\pgfcorequick.code.tex
File: pgfcorequick.code.tex 2008/10/09  (rcs-revision 1.3)
)
(C:\B-Software\CTEX\MiKTeX\tex\generic\pgf\basiclayer\pgfcoreobjects.code.tex
File: pgfcoreobjects.code.tex 2006/10/11  (rcs-revision 1.2)
)
(C:\B-Software\CTEX\MiKTeX\tex\generic\pgf\basiclayer\pgfcorepathprocessing.cod
e.tex
File: pgfcorepathprocessing.code.tex 2008/10/09  (rcs-revision 1.8)
)
(C:\B-Software\CTEX\MiKTeX\tex\generic\pgf\basiclayer\pgfcorearrows.code.tex
File: pgfcorearrows.code.tex 2008/04/23  (rcs-revision 1.11)
)
(C:\B-Software\CTEX\MiKTeX\tex\generic\pgf\basiclayer\pgfcoreshade.code.tex
File: pgfcoreshade.code.tex 2008/11/23  (rcs-revision 1.13)
\pgf@max=\dimen160
\pgf@sys@shading@range@num=\count115
)
(C:\B-Software\CTEX\MiKTeX\tex\generic\pgf\basiclayer\pgfcoreimage.code.tex
File: pgfcoreimage.code.tex 2010/03/25  (rcs-revision 1.16)

(C:\B-Software\CTEX\MiKTeX\tex\generic\pgf\basiclayer\pgfcoreexternal.code.tex
File: pgfcoreexternal.code.tex 2010/09/01  (rcs-revision 1.17)
\pgfexternal@startupbox=\box39
)) (C:\B-Software\CTEX\MiKTeX\tex\generic\pgf\basiclayer\pgfcorelayers.code.tex
File: pgfcorelayers.code.tex 2010/08/27  (rcs-revision 1.2)
)
(C:\B-Software\CTEX\MiKTeX\tex\generic\pgf\basiclayer\pgfcoretransparency.code.
tex
File: pgfcoretransparency.code.tex 2008/01/17  (rcs-revision 1.2)
)
(C:\B-Software\CTEX\MiKTeX\tex\generic\pgf\basiclayer\pgfcorepatterns.code.tex
File: pgfcorepatterns.code.tex 2009/07/02  (rcs-revision 1.3)
))) (C:\B-Software\CTEX\MiKTeX\tex\latex\pgf\utilities\xxcolor.sty
Package: xxcolor 2003/10/24 ver 0.1
\XC@nummixins=\count116
\XC@countmixins=\count117
)
(C:\B-Software\CTEX\MiKTeX\tex\latex\hyperref\hyperref.sty
Package: hyperref 2012/02/06 v6.82o Hypertext links for LaTeX

(C:\B-Software\CTEX\MiKTeX\tex\generic\oberdiek\hobsub-hyperref.sty
Package: hobsub-hyperref 2011/04/23 v1.4 Bundle oberdiek, subset hyperref (HO)

(C:\B-Software\CTEX\MiKTeX\tex\generic\oberdiek\hobsub-generic.sty
Package: hobsub-generic 2011/04/23 v1.4 Bundle oberdiek, subset generic (HO)
Package: hobsub 2011/04/23 v1.4 Subsetting bundle oberdiek (HO)
Package hobsub Info: Skipping package `infwarerr' (already loaded).
Package hobsub Info: Skipping package `ltxcmds' (already loaded).
Package: ifluatex 2010/03/01 v1.3 Provides the ifluatex switch (HO)
Package ifluatex Info: LuaTeX not detected.
Package hobsub Info: Skipping package `ifvtex' (already loaded).
Package: intcalc 2007/09/27 v1.1 Expandable integer calculations (HO)
Package hobsub Info: Skipping package `ifpdf' (already loaded).
Package: etexcmds 2011/02/16 v1.5 Prefix for e-TeX command names (HO)
Package etexcmds Info: Could not find \expanded.
(etexcmds)             That can mean that you are not using pdfTeX 1.50 or
(etexcmds)             that some package has redefined \expanded.
(etexcmds)             In the latter case, load this package earlier.
Package: kvsetkeys 2011/04/07 v1.13 Key value parser (HO)
Package: kvdefinekeys 2011/04/07 v1.3 Defining keys (HO)
Package: pdftexcmds 2011/04/22 v0.16 Utilities of pdfTeX for LuaTeX (HO)
Package pdftexcmds Info: LuaTeX not detected.
Package pdftexcmds Info: \pdf@primitive is available.
Package pdftexcmds Info: \pdf@ifprimitive is available.
Package pdftexcmds Info: \pdfdraftmode found.
Package: pdfescape 2011/04/04 v1.12 Provides string conversions (HO)
Package: bigintcalc 2011/01/30 v1.2 Expandable big integer calculations (HO)
Package: bitset 2011/01/30 v1.1 Data type bit set (HO)
Package: uniquecounter 2011/01/30 v1.2 Provides unlimited unique counter (HO)
)
Package hobsub Info: Skipping package `hobsub' (already loaded).
Package: letltxmacro 2010/09/02 v1.4 Let assignment for LaTeX macros (HO)
Package: hopatch 2011/01/30 v1.0 Wrapper for package hooks (HO)
Package: xcolor-patch 2011/01/30 xcolor patch
Package: atveryend 2011/04/23 v1.7 Hooks at very end of document (HO)
Package: atbegshi 2011/01/30 v1.15 At begin shipout hook (HO)
Package: refcount 2010/12/01 v3.2 Data extraction from references (HO)
Package: hycolor 2011/01/30 v1.7 Color options of hyperref/bookmark (HO)
)
(C:\B-Software\CTEX\MiKTeX\tex\latex\oberdiek\kvoptions.sty
Package: kvoptions 2010/12/23 v3.10 Keyval support for LaTeX options (HO)
)
\@linkdim=\dimen161
\Hy@linkcounter=\count118
\Hy@pagecounter=\count119

(C:\B-Software\CTEX\MiKTeX\tex\latex\hyperref\pd1enc.def
File: pd1enc.def 2012/02/06 v6.82o Hyperref: PDFDocEncoding definition (HO)
)
\Hy@SavedSpaceFactor=\count120

(C:\B-Software\CTEX\MiKTeX\tex\latex\00miktex\hyperref.cfg
File: hyperref.cfg 2002/06/06 v1.2 hyperref configuration of TeXLive
)
Package hyperref Info: Option `bookmarks' set `true' on input line 3925.
Package hyperref Info: Option `bookmarksopen' set `true' on input line 3925.
Package hyperref Info: Option `implicit' set `false' on input line 3925.
Package hyperref Info: Hyper figures OFF on input line 4046.
Package hyperref Info: Link nesting OFF on input line 4051.
Package hyperref Info: Hyper index ON on input line 4054.
Package hyperref Info: Plain pages OFF on input line 4061.
Package hyperref Info: Backreferencing OFF on input line 4066.
Package hyperref Info: Implicit mode OFF; no redefinition of LaTeX internals.
Package hyperref Info: Bookmarks ON on input line 4284.
\c@Hy@tempcnt=\count121

(C:\B-Software\CTEX\MiKTeX\tex\latex\ltxmisc\url.sty
\Urlmuskip=\muskip10
Package: url 2006/04/12  ver 3.3  Verb mode for urls, etc.
)
LaTeX Info: Redefining \url on input line 4637.
\Fld@menulength=\count122
\Field@Width=\dimen162
\Fld@charsize=\dimen163
Package hyperref Info: Hyper figures OFF on input line 5757.
Package hyperref Info: Link nesting OFF on input line 5762.
Package hyperref Info: Hyper index ON on input line 5765.
Package hyperref Info: backreferencing OFF on input line 5772.
Package hyperref Info: Link coloring OFF on input line 5777.
Package hyperref Info: Link coloring with OCG OFF on input line 5782.
Package hyperref Info: PDF/A mode OFF on input line 5787.
LaTeX Info: Redefining \ref on input line 5827.
LaTeX Info: Redefining \pageref on input line 5831.
\Hy@abspage=\count123


Package hyperref Message: Stopped early.

)

Package hyperref Message: Driver (autodetected): hpdftex.

(C:\B-Software\CTEX\MiKTeX\tex\latex\hyperref\hpdftex.def
File: hpdftex.def 2012/02/06 v6.82o Hyperref driver for pdfTeX
\Fld@listcount=\count124
\c@bookmark@seq@number=\count125

(C:\B-Software\CTEX\MiKTeX\tex\latex\oberdiek\rerunfilecheck.sty
Package: rerunfilecheck 2011/04/15 v1.7 Rerun checks for auxiliary files (HO)
Package uniquecounter Info: New unique counter `rerunfilecheck' on input line 2
82.
))
(C:\B-Software\CTEX\MiKTeX\tex\latex\beamer\base\beamerbaserequires.sty
Package: beamerbaserequires 2010/05/01  (rcs-revision efa082c6111d)

(C:\B-Software\CTEX\MiKTeX\tex\latex\beamer\base\beamerbasecompatibility.sty
Package: beamerbasecompatibility 2011/09/24  (rcs-revision 17e820568435)
)
(C:\B-Software\CTEX\MiKTeX\tex\latex\beamer\base\beamerbasefont.sty
Package: beamerbasefont 2010/10/26  (rcs-revision f39336aafb3c)

(C:\B-Software\CTEX\MiKTeX\tex\latex\amsfonts\amssymb.sty
Package: amssymb 2009/06/22 v3.00

(C:\B-Software\CTEX\MiKTeX\tex\latex\amsfonts\amsfonts.sty
Package: amsfonts 2009/06/22 v3.00 Basic AMSFonts support
\@emptytoks=\toks23
\symAMSa=\mathgroup4
\symAMSb=\mathgroup5
LaTeX Font Info:    Overwriting math alphabet `\mathfrak' in version `bold'
(Font)                  U/euf/m/n --> U/euf/b/n on input line 96.
)))
(C:\B-Software\CTEX\MiKTeX\tex\latex\beamer\base\beamerbasetranslator.sty
Package: beamerbasetranslator 2010/06/11  (rcs-revision 85fd1cc7fc42)

(C:\B-Software\CTEX\MiKTeX\tex\latex\beamer\base\translator\translator.sty
Package: translator 2010/06/12 ver 1.10

(C:\B-Software\CTEX\MiKTeX\tex\latex\beamer\base\translator\translator-language
-mappings.tex)))
(C:\B-Software\CTEX\MiKTeX\tex\latex\beamer\base\beamerbasemisc.sty
Package: beamerbasemisc 2012/02/24  (rcs-revision 2ff5461be705)
)
(C:\B-Software\CTEX\MiKTeX\tex\latex\beamer\base\beamerbasetwoscreens.sty
Package: beamerbasetwoscreens 2010/05/01  (rcs-revision efa082c6111d)
)
(C:\B-Software\CTEX\MiKTeX\tex\latex\beamer\base\beamerbaseoverlay.sty
Package: beamerbaseoverlay 2012/02/22  (rcs-revision 1e3e174835fb)
\beamer@argscount=\count126
\beamer@lastskipcover=\skip44
\beamer@trivlistdepth=\count127
)
(C:\B-Software\CTEX\MiKTeX\tex\latex\beamer\base\beamerbasetitle.sty
Package: beamerbasetitle 2010/09/21  (rcs-revision f0446ed0b6ae)
)
(C:\B-Software\CTEX\MiKTeX\tex\latex\beamer\base\beamerbasesection.sty
Package: beamerbasesection 2012/02/22  (rcs-revision 9a2581f9efb6)
\c@lecture=\count128
\c@part=\count129
\c@section=\count130
\c@subsection=\count131
\c@subsubsection=\count132
)
(C:\B-Software\CTEX\MiKTeX\tex\latex\beamer\base\beamerbaseframe.sty
Package: beamerbaseframe 2011/09/12  (rcs-revision 70f9d8411e54)
\beamer@framebox=\box40
\beamer@frametitlebox=\box41
\beamer@zoombox=\box42
\beamer@zoomcount=\count133
\beamer@zoomframecount=\count134
\beamer@frametextheight=\dimen164
\c@subsectionslide=\count135
\beamer@frametopskip=\skip45
\beamer@framebottomskip=\skip46
\beamer@frametopskipautobreak=\skip47
\beamer@framebottomskipautobreak=\skip48
\beamer@envbody=\toks24
\c@framenumber=\count136
)
(C:\B-Software\CTEX\MiKTeX\tex\latex\beamer\base\beamerbaseverbatim.sty
Package: beamerbaseverbatim 2011/09/12  (rcs-revision 70f9d8411e54)
\beamer@verbatimfileout=\write4
)
(C:\B-Software\CTEX\MiKTeX\tex\latex\beamer\base\beamerbaseframesize.sty
Package: beamerbaseframesize 2011/09/12  (rcs-revision 70f9d8411e54)
\beamer@splitbox=\box43
\beamer@autobreakcount=\count137
\beamer@autobreaklastheight=\dimen165
\beamer@frametitletoks=\toks25
\beamer@framesubtitletoks=\toks26
)
(C:\B-Software\CTEX\MiKTeX\tex\latex\beamer\base\beamerbaseframecomponents.sty
Package: beamerbaseframecomponents 2011/09/12  (rcs-revision 70f9d8411e54)
\beamer@footins=\box44
) (C:\B-Software\CTEX\MiKTeX\tex\latex\beamer\base\beamerbasecolor.sty
Package: beamerbasecolor 2010/06/06  (rcs-revision d1a9b48be06d)
)
(C:\B-Software\CTEX\MiKTeX\tex\latex\beamer\base\beamerbasenotes.sty
Package: beamerbasenotes 2010/05/01  (rcs-revision efa082c6111d)
\beamer@frameboxcopy=\box45
)
(C:\B-Software\CTEX\MiKTeX\tex\latex\beamer\base\beamerbasetoc.sty
Package: beamerbasetoc 2012/02/28  (rcs-revision 138681b92320)
)
(C:\B-Software\CTEX\MiKTeX\tex\latex\beamer\base\beamerbasetemplates.sty
Package: beamerbasetemplates 2010/05/01  (rcs-revision efa082c6111d)
\beamer@sbttoks=\toks27

(C:\B-Software\CTEX\MiKTeX\tex\latex\beamer\base\beamerbaseauxtemplates.sty
Package: beamerbaseauxtemplates 2010/05/01  (rcs-revision efa082c6111d)

(C:\B-Software\CTEX\MiKTeX\tex\latex\beamer\base\beamerbaseboxes.sty
Package: beamerbaseboxes 2010/05/01  (rcs-revision efa082c6111d)
\bmb@box=\box46
\bmb@colorbox=\box47
\bmb@boxshadow=\box48
\bmb@boxshadowball=\box49
\bmb@boxshadowballlarge=\box50
\bmb@temp=\dimen166
\bmb@dima=\dimen167
\bmb@dimb=\dimen168
\bmb@prevheight=\dimen169
)
\beamer@blockheadheight=\dimen170
))
(C:\B-Software\CTEX\MiKTeX\tex\latex\beamer\base\beamerbaselocalstructure.sty
Package: beamerbaselocalstructure 2012/02/22  (rcs-revision 2ae76965ffee)

(C:\B-Software\CTEX\MiKTeX\tex\latex\tools\enumerate.sty
Package: enumerate 1999/03/05 v3.00 enumerate extensions (DPC)
\@enLab=\toks28
)
\c@figure=\count138
\c@table=\count139
\abovecaptionskip=\skip49
\belowcaptionskip=\skip50
)
(C:\B-Software\CTEX\MiKTeX\tex\latex\beamer\base\beamerbasenavigation.sty
Package: beamerbasenavigation 2010/05/01  (rcs-revision efa082c6111d)
)
(C:\B-Software\CTEX\MiKTeX\tex\latex\beamer\base\beamerbasetheorems.sty
Package: beamerbasetheorems 2010/06/06  (rcs-revision 7e7cc5e53e9d)

(C:\B-Software\CTEX\MiKTeX\tex\latex\ams\math\amsmath.sty
Package: amsmath 2000/07/18 v2.13 AMS math features
\@mathmargin=\skip51

For additional information on amsmath, use the `?' option.
(C:\B-Software\CTEX\MiKTeX\tex\latex\ams\math\amstext.sty
Package: amstext 2000/06/29 v2.01

(C:\B-Software\CTEX\MiKTeX\tex\latex\ams\math\amsgen.sty
File: amsgen.sty 1999/11/30 v2.0
\@emptytoks=\toks29
\ex@=\dimen171
))
(C:\B-Software\CTEX\MiKTeX\tex\latex\ams\math\amsbsy.sty
Package: amsbsy 1999/11/29 v1.2d
\pmbraise@=\dimen172
)
(C:\B-Software\CTEX\MiKTeX\tex\latex\ams\math\amsopn.sty
Package: amsopn 1999/12/14 v2.01 operator names
)
\inf@bad=\count140
LaTeX Info: Redefining \frac on input line 211.
\uproot@=\count141
\leftroot@=\count142
LaTeX Info: Redefining \overline on input line 307.
\classnum@=\count143
\DOTSCASE@=\count144
LaTeX Info: Redefining \ldots on input line 379.
LaTeX Info: Redefining \dots on input line 382.
LaTeX Info: Redefining \cdots on input line 467.
\Mathstrutbox@=\box51
\strutbox@=\box52
\big@size=\dimen173
LaTeX Font Info:    Redeclaring font encoding OML on input line 567.
LaTeX Font Info:    Redeclaring font encoding OMS on input line 568.
\macc@depth=\count145
\c@MaxMatrixCols=\count146
\dotsspace@=\muskip11
\c@parentequation=\count147
\dspbrk@lvl=\count148
\tag@help=\toks30
\row@=\count149
\column@=\count150
\maxfields@=\count151
\andhelp@=\toks31
\eqnshift@=\dimen174
\alignsep@=\dimen175
\tagshift@=\dimen176
\tagwidth@=\dimen177
\totwidth@=\dimen178
\lineht@=\dimen179
\@envbody=\toks32
\multlinegap=\skip52
\multlinetaggap=\skip53
\mathdisplay@stack=\toks33
LaTeX Info: Redefining \[ on input line 2666.
LaTeX Info: Redefining \] on input line 2667.
)
(C:\B-Software\CTEX\MiKTeX\tex\latex\ams\classes\amsthm.sty
Package: amsthm 2004/08/06 v2.20
\thm@style=\toks34
\thm@bodyfont=\toks35
\thm@headfont=\toks36
\thm@notefont=\toks37
\thm@headpunct=\toks38
\thm@preskip=\skip54
\thm@postskip=\skip55
\thm@headsep=\skip56
\dth@everypar=\toks39
)
\c@theorem=\count152
)
(C:\B-Software\CTEX\MiKTeX\tex\latex\beamer\base\beamerbasethemes.sty
Package: beamerbasethemes 2010/05/01  (rcs-revision efa082c6111d)
))
(C:\B-Software\CTEX\MiKTeX\tex\latex\beamer\base\themes\theme\beamerthemedefaul
t.sty
Package: beamerthemedefault 2010/06/17  (rcs-revision d02a7cf4d8ae)

(C:\B-Software\CTEX\MiKTeX\tex\latex\beamer\base\themes\font\beamerfontthemedef
ault.sty
Package: beamerfontthemedefault 2010/06/17  (rcs-revision d02a7cf4d8ae)
)
(C:\B-Software\CTEX\MiKTeX\tex\latex\beamer\base\themes\color\beamercolorthemed
efault.sty
Package: beamercolorthemedefault 2010/06/17  (rcs-revision d02a7cf4d8ae)
)
(C:\B-Software\CTEX\MiKTeX\tex\latex\beamer\base\themes\inner\beamerinnerthemed
efault.sty
Package: beamerinnerthemedefault 2010/06/17  (rcs-revision d02a7cf4d8ae)
\beamer@dima=\dimen180
\beamer@dimb=\dimen181
)
(C:\B-Software\CTEX\MiKTeX\tex\latex\beamer\base\themes\outer\beamerouterthemed
efault.sty
Package: beamerouterthemedefault 2010/06/17  (rcs-revision d02a7cf4d8ae)
)))
(C:\B-Software\CTEX\MiKTeX\tex\latex\beamer\base\themes\theme\beamerthemeMadrid
.sty
Package: beamerthemeMadrid 2010/06/17  (rcs-revision d02a7cf4d8ae)

(C:\B-Software\CTEX\MiKTeX\tex\latex\beamer\base\themes\color\beamercolorthemew
hale.sty
Package: beamercolorthemewhale 2010/06/17  (rcs-revision d02a7cf4d8ae)
)
(C:\B-Software\CTEX\MiKTeX\tex\latex\beamer\base\themes\color\beamercolorthemeo
rchid.sty
Package: beamercolorthemeorchid 2010/06/17  (rcs-revision d02a7cf4d8ae)
)
(C:\B-Software\CTEX\MiKTeX\tex\latex\beamer\base\themes\inner\beamerinnerthemer
ounded.sty
Package: beamerinnerthemerounded 2010/06/17  (rcs-revision d02a7cf4d8ae)
)
(C:\B-Software\CTEX\MiKTeX\tex\latex\beamer\base\themes\outer\beamerouterthemei
nfolines.sty
Package: beamerouterthemeinfolines 2010/07/10  (rcs-revision 445340293dde)
)) (C:\B-Software\CTEX\MiKTeX\tex\generic\babel\babel.sty
Package: babel 2008/07/08 v3.8m The Babel package

*************************************
* Local config file bblopts.cfg used
*
(C:\B-Software\CTEX\MiKTeX\tex\latex\00miktex\bblopts.cfg
File: bblopts.cfg 2006/07/31 v1.0 MiKTeX 'babel' configuration
)
(C:\B-Software\CTEX\MiKTeX\tex\generic\babel\english.ldf
Language: english 2005/03/30 v3.3o English support from the babel system

(C:\B-Software\CTEX\MiKTeX\tex\generic\babel\babel.def
File: babel.def 2008/07/08 v3.8m Babel common definitions
LaTeX Info: Redefining \textlatin on input line 82.
\babel@savecnt=\count153
\U@D=\dimen182
)
\l@british = a dialect from \language0
\l@UKenglish = a dialect from \language0
\l@american = a dialect from \language0
\l@canadian = a dialect from \language\l@american 
\l@australian = a dialect from \language\l@british 
\l@newzealand = a dialect from \language\l@british 
))
(C:\B-Software\CTEX\MiKTeX\tex\latex\base\inputenc.sty
Package: inputenc 2008/03/30 v1.1d Input encoding file
\inpenc@prehook=\toks40
\inpenc@posthook=\toks41

(C:\B-Software\CTEX\MiKTeX\tex\latex\base\latin1.def
File: latin1.def 2008/03/30 v1.1d Input encoding file
))
(C:\B-Software\CTEX\MiKTeX\tex\latex\psnfss\times.sty
Package: times 2005/04/12 PSNFSS-v9.2a (SPQR) 
)
(C:\B-Software\CTEX\MiKTeX\tex\latex\base\fontenc.sty
Package: fontenc 2005/09/27 v1.99g Standard LaTeX package

(C:\B-Software\CTEX\MiKTeX\tex\latex\base\t1enc.def
File: t1enc.def 2005/09/27 v1.99g Standard LaTeX file
LaTeX Font Info:    Redeclaring font encoding T1 on input line 43.
))
(C:\B-Software\CTEX\MiKTeX\tex\latex\subfigure\subfigure.sty
Package: subfigure 2002/07/30 v2.1.4 subfigure package
\subfigtopskip=\skip57
\subfigcapskip=\skip58
\subfigcaptopadj=\dimen183
\subfigbottomskip=\skip59
\subfigcapmargin=\dimen184
\subfiglabelskip=\skip60
\c@subfigure=\count154
\c@lofdepth=\count155
\c@subtable=\count156
\c@lotdepth=\count157

****************************************
* Local config file subfigure.cfg used *
****************************************
(C:\B-Software\CTEX\MiKTeX\tex\latex\subfigure\subfigure.cfg)
\subfig@top=\skip61
\subfig@bottom=\skip62
)
(C:\B-Software\CTEX\MiKTeX\tex\latex\multirow\multirow.sty
\bigstrutjot=\dimen185
)
(C:\B-Software\CTEX\MiKTeX\tex\latex\oberdiek\epstopdf.sty
Package: epstopdf 2010/02/09 v2.5 Conversion with epstopdf on the fly (HO)

(C:\B-Software\CTEX\MiKTeX\tex\latex\oberdiek\epstopdf-base.sty
Package: epstopdf-base 2010/02/09 v2.5 Base part for package epstopdf

(C:\B-Software\CTEX\MiKTeX\tex\latex\oberdiek\grfext.sty
Package: grfext 2010/08/19 v1.1 Managing graphics extensions (HO)
)
Package grfext Info: Graphics extension search list:
(grfext)             [.png,.pdf,.jpg,.mps,.jpeg,.jbig2,.jb2,.PNG,.PDF,.JPG,.JPE
G,.JBIG2,.JB2,.eps]
(grfext)             \AppendGraphicsExtensions on input line 452.
))

Package hyperref Warning: Token not allowed in a PDF string (PDFDocEncoding):
(hyperref)                removing `\\' on input line 29.


(C:\Z-others\è½¬ç§»çš„èµ„æ–™\LatexPPT-template\presentation_tex\è‹±æ–‡presentat
ion\Presentation_qy\Presentation\IScIDE2016_qy.aux)
LaTeX Font Info:    Checking defaults for OML/cmm/m/it on input line 59.
LaTeX Font Info:    ... okay on input line 59.
LaTeX Font Info:    Checking defaults for T1/cmr/m/n on input line 59.
LaTeX Font Info:    ... okay on input line 59.
LaTeX Font Info:    Checking defaults for OT1/cmr/m/n on input line 59.
LaTeX Font Info:    ... okay on input line 59.
LaTeX Font Info:    Checking defaults for OMS/cmsy/m/n on input line 59.
LaTeX Font Info:    ... okay on input line 59.
LaTeX Font Info:    Checking defaults for OMX/cmex/m/n on input line 59.
LaTeX Font Info:    ... okay on input line 59.
LaTeX Font Info:    Checking defaults for U/cmr/m/n on input line 59.
LaTeX Font Info:    ... okay on input line 59.
LaTeX Font Info:    Checking defaults for PD1/pdf/m/n on input line 59.
LaTeX Font Info:    ... okay on input line 59.
LaTeX Font Info:    Try loading font information for T1+phv on input line 59.

(C:\B-Software\CTEX\MiKTeX\tex\latex\psnfss\t1phv.fd
File: t1phv.fd 2001/06/04 scalable font definitions for T1/phv.
)
*geometry* driver: auto-detecting
*geometry* detected driver: pdftex
*geometry* verbose mode - [ preamble ] result:
* driver: pdftex
* paper: custom
* layout: <same size as paper>
* layoutoffset:(h,v)=(0.0pt,0.0pt)
* modes: includehead includefoot 
* h-part:(L,W,R)=(10.95003pt, 342.2953pt, 10.95003pt)
* v-part:(T,H,B)=(0.0pt, 273.14662pt, 0.0pt)
* \paperwidth=364.19536pt
* \paperheight=273.14662pt
* \textwidth=342.2953pt
* \textheight=244.6939pt
* \oddsidemargin=-61.31996pt
* \evensidemargin=-61.31996pt
* \topmargin=-72.26999pt
* \headheight=14.22636pt
* \headsep=0.0pt
* \topskip=11.0pt
* \footskip=14.22636pt
* \marginparwidth=4.0pt
* \marginparsep=10.0pt
* \columnsep=10.0pt
* \skip\footins=10.0pt plus 4.0pt minus 2.0pt
* \hoffset=0.0pt
* \voffset=0.0pt
* \mag=1000
* \@twocolumnfalse
* \@twosidefalse
* \@mparswitchfalse
* \@reversemarginfalse
* (1in=72.27pt=25.4mm, 1cm=28.453pt)

(C:\B-Software\CTEX\MiKTeX\tex\context\base\supp-pdf.mkii
[Loading MPS to PDF converter (version 2006.09.02).]
\scratchcounter=\count158
\scratchdimen=\dimen186
\scratchbox=\box53
\nofMPsegments=\count159
\nofMParguments=\count160
\everyMPshowfont=\toks42
\MPscratchCnt=\count161
\MPscratchDim=\dimen187
\MPnumerator=\count162
\makeMPintoPDFobject=\count163
\everyMPtoPDFconversion=\toks43
) ABD: EveryShipout initializing macros
\AtBeginShipoutBox=\box54
Package hyperref Info: Link coloring OFF on input line 59.

(C:\B-Software\CTEX\MiKTeX\tex\latex\hyperref\nameref.sty
Package: nameref 2010/04/30 v2.40 Cross-referencing by name of section

(C:\B-Software\CTEX\MiKTeX\tex\generic\oberdiek\gettitlestring.sty
Package: gettitlestring 2010/12/03 v1.4 Cleanup title references (HO)
)
\c@section@level=\count164
)
LaTeX Info: Redefining \ref on input line 59.
LaTeX Info: Redefining \pageref on input line 59.
LaTeX Info: Redefining \nameref on input line 59.

(C:\Z-others\è½¬ç§»çš„èµ„æ–™\LatexPPT-template\presentation_tex\è‹±æ–‡presentat
ion\Presentation_qy\Presentation\IScIDE2016_qy.out)
(C:\Z-others\è½¬ç§»çš„èµ„æ–™\LatexPPT-template\presentation_tex\è‹±æ–‡presentat
ion\Presentation_qy\Presentation\IScIDE2016_qy.out)
\@outlinefile=\write5
LaTeX Font Info:    Overwriting symbol font `operators' in version `normal'
(Font)                  OT1/cmr/m/n --> OT1/cmss/m/n on input line 59.
LaTeX Font Info:    Overwriting symbol font `operators' in version `bold'
(Font)                  OT1/cmr/bx/n --> OT1/cmss/bx/n on input line 59.
\symnumbers=\mathgroup6
\sympureletters=\mathgroup7
LaTeX Font Info:    Overwriting math alphabet `\mathrm' in version `normal'
(Font)                  OT1/cmss/m/n --> T1/ptm/m/n on input line 59.
LaTeX Font Info:    Redeclaring math alphabet \mathbf on input line 59.
LaTeX Font Info:    Overwriting math alphabet `\mathbf' in version `normal'
(Font)                  OT1/cmr/bx/n --> T1/phv/bx/n on input line 59.
LaTeX Font Info:    Overwriting math alphabet `\mathbf' in version `bold'
(Font)                  OT1/cmr/bx/n --> T1/phv/bx/n on input line 59.
LaTeX Font Info:    Redeclaring math alphabet \mathsf on input line 59.
LaTeX Font Info:    Overwriting math alphabet `\mathsf' in version `normal'
(Font)                  OT1/cmss/m/n --> T1/phv/m/n on input line 59.
LaTeX Font Info:    Overwriting math alphabet `\mathsf' in version `bold'
(Font)                  OT1/cmss/bx/n --> T1/phv/m/n on input line 59.
LaTeX Font Info:    Redeclaring math alphabet \mathit on input line 59.
LaTeX Font Info:    Overwriting math alphabet `\mathit' in version `normal'
(Font)                  OT1/cmr/m/it --> T1/phv/m/it on input line 59.
LaTeX Font Info:    Overwriting math alphabet `\mathit' in version `bold'
(Font)                  OT1/cmr/bx/it --> T1/phv/m/it on input line 59.
LaTeX Font Info:    Redeclaring math alphabet \mathtt on input line 59.
LaTeX Font Info:    Overwriting math alphabet `\mathtt' in version `normal'
(Font)                  OT1/cmtt/m/n --> T1/pcr/m/n on input line 59.
LaTeX Font Info:    Overwriting math alphabet `\mathtt' in version `bold'
(Font)                  OT1/cmtt/m/n --> T1/pcr/m/n on input line 59.
LaTeX Font Info:    Overwriting symbol font `numbers' in version `bold'
(Font)                  T1/phv/m/n --> T1/phv/bx/n on input line 59.
LaTeX Font Info:    Overwriting symbol font `pureletters' in version `bold'
(Font)                  T1/phv/m/it --> T1/phv/bx/it on input line 59.
LaTeX Font Info:    Overwriting math alphabet `\mathrm' in version `bold'
(Font)                  OT1/cmss/bx/n --> T1/ptm/bx/n on input line 59.
LaTeX Font Info:    Overwriting math alphabet `\mathbf' in version `bold'
(Font)                  T1/phv/bx/n --> T1/phv/bx/n on input line 59.
LaTeX Font Info:    Overwriting math alphabet `\mathsf' in version `bold'
(Font)                  T1/phv/m/n --> T1/phv/bx/n on input line 59.
LaTeX Font Info:    Overwriting math alphabet `\mathit' in version `bold'
(Font)                  T1/phv/m/it --> T1/phv/bx/it on input line 59.
LaTeX Font Info:    Overwriting math alphabet `\mathtt' in version `bold'
(Font)                  T1/pcr/m/n --> T1/pcr/bx/n on input line 59.

(C:\B-Software\CTEX\MiKTeX\tex\latex\beamer\base\translator\dicts\translator-ba
sic-dictionary\translator-basic-dictionary-English.dict
Dictionary: translator-basic-dictionary, Language: English 
)
(C:\B-Software\CTEX\MiKTeX\tex\latex\beamer\base\translator\dicts\translator-bi
bliography-dictionary\translator-bibliography-dictionary-English.dict
Dictionary: translator-bibliography-dictionary, Language: English 
)
(C:\B-Software\CTEX\MiKTeX\tex\latex\beamer\base\translator\dicts\translator-en
vironment-dictionary\translator-environment-dictionary-English.dict
Dictionary: translator-environment-dictionary, Language: English 
)
(C:\B-Software\CTEX\MiKTeX\tex\latex\beamer\base\translator\dicts\translator-mo
nths-dictionary\translator-months-dictionary-English.dict
Dictionary: translator-months-dictionary, Language: English 
)
(C:\B-Software\CTEX\MiKTeX\tex\latex\beamer\base\translator\dicts\translator-nu
mbers-dictionary\translator-numbers-dictionary-English.dict
Dictionary: translator-numbers-dictionary, Language: English 
)
(C:\B-Software\CTEX\MiKTeX\tex\latex\beamer\base\translator\dicts\translator-th
eorem-dictionary\translator-theorem-dictionary-English.dict
Dictionary: translator-theorem-dictionary, Language: English 
)
LaTeX Info: Redefining \includegraphics on input line 59.

(C:\Z-others\è½¬ç§»çš„èµ„æ–™\LatexPPT-template\presentation_tex\è‹±æ–‡presentat
ion\Presentation_qy\Presentation\IScIDE2016_qy.nav)
LaTeX Font Info:    Font shape `T1/phv/m/it' in size <6> not available
(Font)              Font shape `T1/phv/m/sl' tried instead on input line 59.
LaTeX Font Info:    Try loading font information for U+msa on input line 64.

(C:\B-Software\CTEX\MiKTeX\tex\latex\amsfonts\umsa.fd
File: umsa.fd 2009/06/22 v3.00 AMS symbols A
)
LaTeX Font Info:    Try loading font information for U+msb on input line 64.

(C:\B-Software\CTEX\MiKTeX\tex\latex\amsfonts\umsb.fd
File: umsb.fd 2009/06/22 v3.00 AMS symbols B
)
LaTeX Font Info:    Font shape `T1/phv/m/it' in size <10.95> not available
(Font)              Font shape `T1/phv/m/sl' tried instead on input line 64.
LaTeX Font Info:    Font shape `T1/phv/m/it' in size <8> not available
(Font)              Font shape `T1/phv/m/sl' tried instead on input line 64.
LaTeX Font Info:    Font shape `T1/phv/m/it' in size <5> not available
(Font)              Font shape `T1/phv/m/sl' tried instead on input line 64.


pdfTeX warning: pdflatex.exe (file C:/Z-others/è½¬ç§»çš„èµ„æ–™/LatexPPT-templat
e/presentation_tex/è‹±æ–‡presentation/Presentation_qy/Presentation/Figures/Sysu
_logo.pdf): PDF inclusion: found PDF version <1.6>, but at most version <1.5> a
llowed
<Figures/Sysu_logo.pdf, id=66, 110.4125pt x 79.29625pt>
File: Figures/Sysu_logo.pdf Graphic file (type pdf)

<use Figures/Sysu_logo.pdf>
Package pdftex.def Info: Figures/Sysu_logo.pdf used on input line 64.
(pdftex.def)             Requested size: 61.61064pt x 44.24829pt.
 [1

{C:/B-Software/CTEX/UserData/pdftex/config/pdftex.map{Unicode.sfd}{UGBK.sfd}} <
C:/Z-others/è½¬ç§»çš„èµ„æ–™/LatexPPT-template/presentation_tex/è‹±æ–‡presentati
on/Presentation_qy/Presentation/Figures/Sysu_logo.pdf>]
(C:\Z-others\è½¬ç§»çš„èµ„æ–™\LatexPPT-template\presentation_tex\è‹±æ–‡presentat
ion\Presentation_qy\Presentation\IScIDE2016_qy.toc) [2

]
<Figures/Recommendation.jpg, id=156, 648.17157pt x 297.36093pt>
File: Figures/Recommendation.jpg Graphic file (type jpg)

<use Figures/Recommendation.jpg>
Package pdftex.def Info: Figures/Recommendation.jpg used on input line 120.
(pdftex.def)             Requested size: 205.37926pt x 94.22273pt.

<Figures/Recommendation1.jpg, id=157, 648.17157pt x 201.75375pt>
File: Figures/Recommendation1.jpg Graphic file (type jpg)

<use Figures/Recommendation1.jpg>
Package pdftex.def Info: Figures/Recommendation1.jpg used on input line 120.
(pdftex.def)             Requested size: 205.37926pt x 63.92833pt.

Overfull \vbox (12.99988pt too high) detected at line 120
 []

[3

 <C:/Z-others/è½¬ç§»çš„èµ„æ–™/LatexPPT-template/presentation_tex/è‹±æ–‡presenta
tion/Presentation_qy/Presentation/Figures/Recommendation.jpg> <C:/Z-others/è½¬ç
§»çš„èµ„æ–™/LatexPPT-template/presentation_tex/è‹±æ–‡presentation/Presentation_
qy/Presentation/Figures/Recommendation1.jpg>] [4

]
LaTeX Font Info:    Font shape `T1/phv/bx/n' in size <10.95> not available
(Font)              Font shape `T1/phv/b/n' tried instead on input line 143.
 [5

]
Package epstopdf Info: Source file: <Figures/Multiview.eps>
(epstopdf)                    date: 2016-01-10 16:28:06
(epstopdf)                    size: 191677 bytes
(epstopdf)             Output file: <Figures/Multiview-eps-converted-to.pdf>
(epstopdf)                    date: 2016-05-10 16:19:20
(epstopdf)                    size: 8628 bytes
(epstopdf)             Command: <epstopdf --outfile=Figures/Multiview-eps-conve
rted-to.pdf Figures/Multiview.eps>
(epstopdf)             \includegraphics on input line 156.
Package epstopdf Info: Output file is already uptodate.

<Figures/Multiview-eps-converted-to.pdf, id=239, 621.32124pt x 496.85625pt>
File: Figures/Multiview-eps-converted-to.pdf Graphic file (type pdf)

<use Figures/Multiview-eps-converted-to.pdf>
Package pdftex.def Info: Figures/Multiview-eps-converted-to.pdf used on input l
ine 156.
(pdftex.def)             Requested size: 205.37926pt x 164.236pt.
 [6

 <C:/Z-others/è½¬ç§»çš„èµ„æ–™/LatexPPT-template/presentation_tex/è‹±æ–‡presenta
tion/Presentation_qy/Presentation/Figures/Multiview-eps-converted-to.pdf>] [7

]
Package epstopdf Info: Source file: <Figures/Relationship.eps>
(epstopdf)                    date: 2016-01-10 16:28:06
(epstopdf)                    size: 15853 bytes
(epstopdf)             Output file: <Figures/Relationship-eps-converted-to.pdf>

(epstopdf)                    date: 2016-05-10 17:48:52
(epstopdf)                    size: 3613 bytes
(epstopdf)             Command: <epstopdf --outfile=Figures/Relationship-eps-co
nverted-to.pdf Figures/Relationship.eps>
(epstopdf)             \includegraphics on input line 190.
Package epstopdf Info: Output file is already uptodate.

<Figures/Relationship-eps-converted-to.pdf, id=306, 653.44125pt x 532.99126pt>
File: Figures/Relationship-eps-converted-to.pdf Graphic file (type pdf)

<use Figures/Relationship-eps-converted-to.pdf>
Package pdftex.def Info: Figures/Relationship-eps-converted-to.pdf used on inpu
t line 190.
(pdftex.def)             Requested size: 205.37926pt x 167.51903pt.

Overfull \vbox (1.94286pt too high) detected at line 190
 []

[8

 <C:/Z-others/è½¬ç§»çš„èµ„æ–™/LatexPPT-template/presentation_tex/è‹±æ–‡presenta
tion/Presentation_qy/Presentation/Figures/Relationship-eps-converted-to.pdf>]
LaTeX Font Info:    Font shape `T1/phv/bx/n' in size <10> not available
(Font)              Font shape `T1/phv/b/n' tried instead on input line 214.
LaTeX Font Info:    Font shape `T1/phv/m/it' in size <10> not available
(Font)              Font shape `T1/phv/m/sl' tried instead on input line 214.
LaTeX Font Info:    Font shape `T1/phv/m/it' in size <7> not available
(Font)              Font shape `T1/phv/m/sl' tried instead on input line 214.
[9

] [10

] [11

] [12

] [13

] [14

] [15

] [16

] [17

] [18

] [19

] [20

] [21

] [22

]
Package epstopdf Info: Source file: <Figures/Baidu_tradeoff.eps>
(epstopdf)                    date: 2016-01-10 16:28:06
(epstopdf)                    size: 110954 bytes
(epstopdf)             Output file: <Figures/Baidu_tradeoff-eps-converted-to.pd
f>
(epstopdf)                    date: 2016-05-11 11:13:04
(epstopdf)                    size: 6309 bytes
(epstopdf)             Command: <epstopdf --outfile=Figures/Baidu_tradeoff-eps-
converted-to.pdf Figures/Baidu_tradeoff.eps>
(epstopdf)             \includegraphics on input line 319.
Package epstopdf Info: Output file is already uptodate.

<Figures/Baidu_tradeoff-eps-converted-to.pdf, id=715, 526.96875pt x 429.605pt>
File: Figures/Baidu_tradeoff-eps-converted-to.pdf Graphic file (type pdf)

<use Figures/Baidu_tradeoff-eps-converted-to.pdf>
Package pdftex.def Info: Figures/Baidu_tradeoff-eps-converted-to.pdf used on in
put line 319.
(pdftex.def)             Requested size: 82.15274pt x 66.97484pt.
Package epstopdf Info: Source file: <Figures/EachMovie_tradeoff.eps>
(epstopdf)                    date: 2016-01-10 16:28:06
(epstopdf)                    size: 110302 bytes
(epstopdf)             Output file: <Figures/EachMovie_tradeoff-eps-converted-t
o.pdf>
(epstopdf)                    date: 2016-05-11 11:13:06
(epstopdf)                    size: 6392 bytes
(epstopdf)             Command: <epstopdf --outfile=Figures/EachMovie_tradeoff-
eps-converted-to.pdf Figures/EachMovie_tradeoff.eps>
(epstopdf)             \includegraphics on input line 319.
Package epstopdf Info: Output file is already uptodate.

<Figures/EachMovie_tradeoff-eps-converted-to.pdf, id=716, 527.9725pt x 429.605p
t>
File: Figures/EachMovie_tradeoff-eps-converted-to.pdf Graphic file (type pdf)
 <use Figures/EachMovie_tradeoff-eps-converted-to.pdf>
Package pdftex.def Info: Figures/EachMovie_tradeoff-eps-converted-to.pdf used o
n input line 319.
(pdftex.def)             Requested size: 82.15274pt x 66.84373pt.
Package epstopdf Info: Source file: <Figures/Jester_tradeoff.eps>
(epstopdf)                    date: 2016-01-10 16:28:06
(epstopdf)                    size: 110335 bytes
(epstopdf)             Output file: <Figures/Jester_tradeoff-eps-converted-to.p
df>
(epstopdf)                    date: 2016-05-11 11:13:06
(epstopdf)                    size: 6313 bytes
(epstopdf)             Command: <epstopdf --outfile=Figures/Jester_tradeoff-eps
-converted-to.pdf Figures/Jester_tradeoff.eps>
(epstopdf)             \includegraphics on input line 319.
Package epstopdf Info: Output file is already uptodate.

<Figures/Jester_tradeoff-eps-converted-to.pdf, id=717, 526.96875pt x 429.605pt>
File: Figures/Jester_tradeoff-eps-converted-to.pdf Graphic file (type pdf)
<use Figures/Jester_tradeoff-eps-converted-to.pdf>
Package pdftex.def Info: Figures/Jester_tradeoff-eps-converted-to.pdf used on i
nput line 319.
(pdftex.def)             Requested size: 82.15274pt x 66.97484pt.
Package epstopdf Info: Source file: <Figures/MovieLens_tradeoff.eps>
(epstopdf)                    date: 2016-01-10 16:28:06
(epstopdf)                    size: 110647 bytes
(epstopdf)             Output file: <Figures/MovieLens_tradeoff-eps-converted-t
o.pdf>
(epstopdf)                    date: 2016-05-11 11:13:08
(epstopdf)                    size: 6325 bytes
(epstopdf)             Command: <epstopdf --outfile=Figures/MovieLens_tradeoff-
eps-converted-to.pdf Figures/MovieLens_tradeoff.eps>
(epstopdf)             \includegraphics on input line 319.
Package epstopdf Info: Output file is already uptodate.

<Figures/MovieLens_tradeoff-eps-converted-to.pdf, id=718, 526.96875pt x 429.605
pt>
File: Figures/MovieLens_tradeoff-eps-converted-to.pdf Graphic file (type pdf)
 <use Figures/MovieLens_tradeoff-eps-converted-to.pdf>
Package pdftex.def Info: Figures/MovieLens_tradeoff-eps-converted-to.pdf used o
n input line 319.
(pdftex.def)             Requested size: 82.15274pt x 66.97484pt.
LaTeX Font Info:    Font shape `T1/phv/m/it' in size <14.4> not available
(Font)              Font shape `T1/phv/m/sl' tried instead on input line 319.
 [23

 <C:/Z-others/è½¬ç§»çš„èµ„æ–™/LatexPPT-template/presentation_tex/è‹±æ–‡presenta
tion/Presentation_qy/Presentation/Figures/Baidu_tradeoff-eps-converted-to.pdf> 
<C:/Z-others/è½¬ç§»çš„èµ„æ–™/LatexPPT-template/presentation_tex/è‹±æ–‡presentat
ion/Presentation_qy/Presentation/Figures/EachMovie_tradeoff-eps-converted-to.pd
f> <C:/Z-others/è½¬ç§»çš„èµ„æ–™/LatexPPT-template/presentation_tex/è‹±æ–‡presen
tation/Presentation_qy/Presentation/Figures/Jester_tradeoff-eps-converted-to.pd
f> <C:/Z-others/è½¬ç§»çš„èµ„æ–™/LatexPPT-template/presentation_tex/è‹±æ–‡presen
tation/Presentation_qy/Presentation/Figures/MovieLens_tradeoff-eps-converted-to
.pdf>]
Package epstopdf Info: Source file: <Figures/Baidu_k_precision.eps>
(epstopdf)                    date: 2016-01-10 16:28:06
(epstopdf)                    size: 40804 bytes
(epstopdf)             Output file: <Figures/Baidu_k_precision-eps-converted-to
.pdf>
(epstopdf)                    date: 2016-05-11 11:21:52
(epstopdf)                    size: 5287 bytes
(epstopdf)             Command: <epstopdf --outfile=Figures/Baidu_k_precision-e
ps-converted-to.pdf Figures/Baidu_k_precision.eps>
(epstopdf)             \includegraphics on input line 335.
Package epstopdf Info: Output file is already uptodate.

<Figures/Baidu_k_precision-eps-converted-to.pdf, id=784, 432.61626pt x 417.56pt
>
File: Figures/Baidu_k_precision-eps-converted-to.pdf Graphic file (type pdf)
 <use Figures/Baidu_k_precision-eps-converted-to.pdf>
Package pdftex.def Info: Figures/Baidu_k_precision-eps-converted-to.pdf used on
 input line 335.
(pdftex.def)             Requested size: 82.15274pt x 79.29262pt.
Package epstopdf Info: Source file: <Figures/EachMovie_k_precision.eps>
(epstopdf)                    date: 2016-01-10 16:28:06
(epstopdf)                    size: 40843 bytes
(epstopdf)             Output file: <Figures/EachMovie_k_precision-eps-converte
d-to.pdf>
(epstopdf)                    date: 2016-05-11 11:21:52
(epstopdf)                    size: 5300 bytes
(epstopdf)             Command: <epstopdf --outfile=Figures/EachMovie_k_precisi
on-eps-converted-to.pdf Figures/EachMovie_k_precision.eps>
(epstopdf)             \includegraphics on input line 335.
Package epstopdf Info: Output file is already uptodate.

<Figures/EachMovie_k_precision-eps-converted-to.pdf, id=785, 446.66875pt x 417.
56pt>
File: Figures/EachMovie_k_precision-eps-converted-to.pdf Graphic file (type pdf
)
 <use Figures/EachMovie_k_precision-eps-converted-to.pdf>
Package pdftex.def Info: Figures/EachMovie_k_precision-eps-converted-to.pdf use
d on input line 335.
(pdftex.def)             Requested size: 82.15274pt x 76.79501pt.
Package epstopdf Info: Source file: <Figures/Jester_k_precision.eps>
(epstopdf)                    date: 2016-01-10 16:28:06
(epstopdf)                    size: 40355 bytes
(epstopdf)             Output file: <Figures/Jester_k_precision-eps-converted-t
o.pdf>
(epstopdf)                    date: 2016-05-11 11:21:52
(epstopdf)                    size: 5259 bytes
(epstopdf)             Command: <epstopdf --outfile=Figures/Jester_k_precision-
eps-converted-to.pdf Figures/Jester_k_precision.eps>
(epstopdf)             \includegraphics on input line 335.
Package epstopdf Info: Output file is already uptodate.

<Figures/Jester_k_precision-eps-converted-to.pdf, id=786, 432.61626pt x 417.56p
t>
File: Figures/Jester_k_precision-eps-converted-to.pdf Graphic file (type pdf)
 <use Figures/Jester_k_precision-eps-converted-to.pdf>
Package pdftex.def Info: Figures/Jester_k_precision-eps-converted-to.pdf used o
n input line 335.
(pdftex.def)             Requested size: 82.15274pt x 79.29262pt.
Package epstopdf Info: Source file: <Figures/MovieLens_k_precision.eps>
(epstopdf)                    date: 2016-01-10 16:28:06
(epstopdf)                    size: 40359 bytes
(epstopdf)             Output file: <Figures/MovieLens_k_precision-eps-converte
d-to.pdf>
(epstopdf)                    date: 2016-05-11 11:21:54
(epstopdf)                    size: 5271 bytes
(epstopdf)             Command: <epstopdf --outfile=Figures/MovieLens_k_precisi
on-eps-converted-to.pdf Figures/MovieLens_k_precision.eps>
(epstopdf)             \includegraphics on input line 335.
Package epstopdf Info: Output file is already uptodate.

<Figures/MovieLens_k_precision-eps-converted-to.pdf, id=787, 432.61626pt x 417.
56pt>
File: Figures/MovieLens_k_precision-eps-converted-to.pdf Graphic file (type pdf
)
 <use Figures/MovieLens_k_precision-eps-converted-to.pdf>
Package pdftex.def Info: Figures/MovieLens_k_precision-eps-converted-to.pdf use
d on input line 335.
(pdftex.def)             Requested size: 82.15274pt x 79.29262pt.
 [24

 <C:/Z-others/è½¬ç§»çš„èµ„æ–™/LatexPPT-template/presentation_tex/è‹±æ–‡presenta
tion/Presentation_qy/Presentation/Figures/Baidu_k_precision-eps-converted-to.pd
f> <C:/Z-others/è½¬ç§»çš„èµ„æ–™/LatexPPT-template/presentation_tex/è‹±æ–‡presen
tation/Presentation_qy/Presentation/Figures/EachMovie_k_precision-eps-converted
-to.pdf> <C:/Z-others/è½¬ç§»çš„èµ„æ–™/LatexPPT-template/presentation_tex/è‹±æ–‡
presentation/Presentation_qy/Presentation/Figures/Jester_k_precision-eps-conver
ted-to.pdf> <C:/Z-others/è½¬ç§»çš„èµ„æ–™/LatexPPT-template/presentation_tex/è‹±
æ–‡presentation/Presentation_qy/Presentation/Figures/MovieLens_k_precision-eps-
converted-to.pdf>]
Package epstopdf Info: Source file: <Figures/Baidu_k_recall.eps>
(epstopdf)                    date: 2016-01-10 16:28:06
(epstopdf)                    size: 40815 bytes
(epstopdf)             Output file: <Figures/Baidu_k_recall-eps-converted-to.pd
f>
(epstopdf)                    date: 2016-05-11 11:21:54
(epstopdf)                    size: 5291 bytes
(epstopdf)             Command: <epstopdf --outfile=Figures/Baidu_k_recall-eps-
converted-to.pdf Figures/Baidu_k_recall.eps>
(epstopdf)             \includegraphics on input line 358.
Package epstopdf Info: Output file is already uptodate.

<Figures/Baidu_k_recall-eps-converted-to.pdf, id=834, 432.61626pt x 417.56pt>
File: Figures/Baidu_k_recall-eps-converted-to.pdf Graphic file (type pdf)

<use Figures/Baidu_k_recall-eps-converted-to.pdf>
Package pdftex.def Info: Figures/Baidu_k_recall-eps-converted-to.pdf used on in
put line 358.
(pdftex.def)             Requested size: 82.15274pt x 79.29262pt.
Package epstopdf Info: Source file: <Figures/EachMovie_k_recall.eps>
(epstopdf)                    date: 2016-01-10 16:28:06
(epstopdf)                    size: 40378 bytes
(epstopdf)             Output file: <Figures/EachMovie_k_recall-eps-converted-t
o.pdf>
(epstopdf)                    date: 2016-05-11 11:21:56
(epstopdf)                    size: 5269 bytes
(epstopdf)             Command: <epstopdf --outfile=Figures/EachMovie_k_recall-
eps-converted-to.pdf Figures/EachMovie_k_recall.eps>
(epstopdf)             \includegraphics on input line 358.
Package epstopdf Info: Output file is already uptodate.

<Figures/EachMovie_k_recall-eps-converted-to.pdf, id=835, 432.61626pt x 417.56p
t>
File: Figures/EachMovie_k_recall-eps-converted-to.pdf Graphic file (type pdf)
 <use Figures/EachMovie_k_recall-eps-converted-to.pdf>
Package pdftex.def Info: Figures/EachMovie_k_recall-eps-converted-to.pdf used o
n input line 358.
(pdftex.def)             Requested size: 82.15274pt x 79.29262pt.
Package epstopdf Info: Source file: <Figures/Jester_k_recall.eps>
(epstopdf)                    date: 2016-01-10 16:28:06
(epstopdf)                    size: 40813 bytes
(epstopdf)             Output file: <Figures/Jester_k_recall-eps-converted-to.p
df>
(epstopdf)                    date: 2016-05-11 11:21:56
(epstopdf)                    size: 5300 bytes
(epstopdf)             Command: <epstopdf --outfile=Figures/Jester_k_recall-eps
-converted-to.pdf Figures/Jester_k_recall.eps>
(epstopdf)             \includegraphics on input line 358.
Package epstopdf Info: Output file is already uptodate.

<Figures/Jester_k_recall-eps-converted-to.pdf, id=836, 446.66875pt x 417.56pt>
File: Figures/Jester_k_recall-eps-converted-to.pdf Graphic file (type pdf)

<use Figures/Jester_k_recall-eps-converted-to.pdf>
Package pdftex.def Info: Figures/Jester_k_recall-eps-converted-to.pdf used on i
nput line 358.
(pdftex.def)             Requested size: 82.15274pt x 76.79501pt.
Package epstopdf Info: Source file: <Figures/MovieLens_k_recall.eps>
(epstopdf)                    date: 2016-01-10 16:28:06
(epstopdf)                    size: 40362 bytes
(epstopdf)             Output file: <Figures/MovieLens_k_recall-eps-converted-t
o.pdf>
(epstopdf)                    date: 2016-05-11 11:21:58
(epstopdf)                    size: 5252 bytes
(epstopdf)             Command: <epstopdf --outfile=Figures/MovieLens_k_recall-
eps-converted-to.pdf Figures/MovieLens_k_recall.eps>
(epstopdf)             \includegraphics on input line 358.
Package epstopdf Info: Output file is already uptodate.

<Figures/MovieLens_k_recall-eps-converted-to.pdf, id=837, 432.61626pt x 417.56p
t>
File: Figures/MovieLens_k_recall-eps-converted-to.pdf Graphic file (type pdf)
 <use Figures/MovieLens_k_recall-eps-converted-to.pdf>
Package pdftex.def Info: Figures/MovieLens_k_recall-eps-converted-to.pdf used o
n input line 358.
(pdftex.def)             Requested size: 82.15274pt x 79.29262pt.
Package epstopdf Info: Source file: <Figures/Baidu_k_F1.eps>
(epstopdf)                    date: 2016-01-10 16:28:06
(epstopdf)                    size: 40816 bytes
(epstopdf)             Output file: <Figures/Baidu_k_F1-eps-converted-to.pdf>
(epstopdf)                    date: 2016-05-11 11:21:58
(epstopdf)                    size: 5283 bytes
(epstopdf)             Command: <epstopdf --outfile=Figures/Baidu_k_F1-eps-conv
erted-to.pdf Figures/Baidu_k_F1.eps>
(epstopdf)             \includegraphics on input line 358.
Package epstopdf Info: Output file is already uptodate.

<Figures/Baidu_k_F1-eps-converted-to.pdf, id=838, 432.61626pt x 417.56pt>
File: Figures/Baidu_k_F1-eps-converted-to.pdf Graphic file (type pdf)

<use Figures/Baidu_k_F1-eps-converted-to.pdf>
Package pdftex.def Info: Figures/Baidu_k_F1-eps-converted-to.pdf used on input 
line 358.
(pdftex.def)             Requested size: 82.15274pt x 79.29262pt.
Package epstopdf Info: Source file: <Figures/EachMovie_k_F1.eps>
(epstopdf)                    date: 2016-01-10 16:28:06
(epstopdf)                    size: 40827 bytes
(epstopdf)             Output file: <Figures/EachMovie_k_F1-eps-converted-to.pd
f>
(epstopdf)                    date: 2016-05-11 11:22:00
(epstopdf)                    size: 5301 bytes
(epstopdf)             Command: <epstopdf --outfile=Figures/EachMovie_k_F1-eps-
converted-to.pdf Figures/EachMovie_k_F1.eps>
(epstopdf)             \includegraphics on input line 358.
Package epstopdf Info: Output file is already uptodate.

<Figures/EachMovie_k_F1-eps-converted-to.pdf, id=839, 446.66875pt x 417.56pt>
File: Figures/EachMovie_k_F1-eps-converted-to.pdf Graphic file (type pdf)

<use Figures/EachMovie_k_F1-eps-converted-to.pdf>
Package pdftex.def Info: Figures/EachMovie_k_F1-eps-converted-to.pdf used on in
put line 358.
(pdftex.def)             Requested size: 82.15274pt x 76.79501pt.
Package epstopdf Info: Source file: <Figures/Jester_k_F1.eps>
(epstopdf)                    date: 2016-01-10 16:28:06
(epstopdf)                    size: 40818 bytes
(epstopdf)             Output file: <Figures/Jester_k_F1-eps-converted-to.pdf>
(epstopdf)                    date: 2016-05-11 11:22:00
(epstopdf)                    size: 5271 bytes
(epstopdf)             Command: <epstopdf --outfile=Figures/Jester_k_F1-eps-con
verted-to.pdf Figures/Jester_k_F1.eps>
(epstopdf)             \includegraphics on input line 358.
Package epstopdf Info: Output file is already uptodate.

<Figures/Jester_k_F1-eps-converted-to.pdf, id=840, 432.61626pt x 417.56pt>
File: Figures/Jester_k_F1-eps-converted-to.pdf Graphic file (type pdf)

<use Figures/Jester_k_F1-eps-converted-to.pdf>
Package pdftex.def Info: Figures/Jester_k_F1-eps-converted-to.pdf used on input
 line 358.
(pdftex.def)             Requested size: 82.15274pt x 79.29262pt.
Package epstopdf Info: Source file: <Figures/MovieLens_k_F1.eps>
(epstopdf)                    date: 2016-01-10 16:28:06
(epstopdf)                    size: 40829 bytes
(epstopdf)             Output file: <Figures/MovieLens_k_F1-eps-converted-to.pd
f>
(epstopdf)                    date: 2016-05-11 11:22:02
(epstopdf)                    size: 5281 bytes
(epstopdf)             Command: <epstopdf --outfile=Figures/MovieLens_k_F1-eps-
converted-to.pdf Figures/MovieLens_k_F1.eps>
(epstopdf)             \includegraphics on input line 358.
Package epstopdf Info: Output file is already uptodate.

<Figures/MovieLens_k_F1-eps-converted-to.pdf, id=841, 432.61626pt x 417.56pt>
File: Figures/MovieLens_k_F1-eps-converted-to.pdf Graphic file (type pdf)

<use Figures/MovieLens_k_F1-eps-converted-to.pdf>
Package pdftex.def Info: Figures/MovieLens_k_F1-eps-converted-to.pdf used on in
put line 358.
(pdftex.def)             Requested size: 82.15274pt x 79.29262pt.

Overfull \vbox (1.63705pt too high) detected at line 358
 []

[25

 <C:/Z-others/è½¬ç§»çš„èµ„æ–™/LatexPPT-template/presentation_tex/è‹±æ–‡presenta
tion/Presentation_qy/Presentation/Figures/Baidu_k_recall-eps-converted-to.pdf> 
<C:/Z-others/è½¬ç§»çš„èµ„æ–™/LatexPPT-template/presentation_tex/è‹±æ–‡presentat
ion/Presentation_qy/Presentation/Figures/EachMovie_k_recall-eps-converted-to.pd
f> <C:/Z-others/è½¬ç§»çš„èµ„æ–™/LatexPPT-template/presentation_tex/è‹±æ–‡presen
tation/Presentation_qy/Presentation/Figures/Jester_k_recall-eps-converted-to.pd
f> <C:/Z-others/è½¬ç§»çš„èµ„æ–™/LatexPPT-template/presentation_tex/è‹±æ–‡presen
tation/Presentation_qy/Presentation/Figures/MovieLens_k_recall-eps-converted-to
.pdf> <C:/Z-others/è½¬ç§»çš„èµ„æ–™/LatexPPT-template/presentation_tex/è‹±æ–‡pre
sentation/Presentation_qy/Presentation/Figures/Baidu_k_F1-eps-converted-to.pdf>
 <C:/Z-others/è½¬ç§»çš„èµ„æ–™/LatexPPT-template/presentation_tex/è‹±æ–‡presenta
tion/Presentation_qy/Presentation/Figures/EachMovie_k_F1-eps-converted-to.pdf> 
<C:/Z-others/è½¬ç§»çš„èµ„æ–™/LatexPPT-template/presentation_tex/è‹±æ–‡presentat
ion/Presentation_qy/Presentation/Figures/Jester_k_F1-eps-converted-to.pdf> <C:/
Z-others/è½¬ç§»çš„èµ„æ–™/LatexPPT-template/presentation_tex/è‹±æ–‡presentation/
Presentation_qy/Presentation/Figures/MovieLens_k_F1-eps-converted-to.pdf>]
[26

]
Package epstopdf Info: Source file: <Figures/Baidu_compare_precision.eps>
(epstopdf)                    date: 2016-01-10 16:28:06
(epstopdf)                    size: 14679 bytes
(epstopdf)             Output file: <Figures/Baidu_compare_precision-eps-conver
ted-to.pdf>
(epstopdf)                    date: 2016-05-11 15:44:34
(epstopdf)                    size: 3446 bytes
(epstopdf)             Command: <epstopdf --outfile=Figures/Baidu_compare_preci
sion-eps-converted-to.pdf Figures/Baidu_compare_precision.eps>
(epstopdf)             \includegraphics on input line 394.
Package epstopdf Info: Output file is already uptodate.

<Figures/Baidu_compare_precision-eps-converted-to.pdf, id=936, 522.95375pt x 42
3.5825pt>
File: Figures/Baidu_compare_precision-eps-converted-to.pdf Graphic file (type p
df)
 <use Figures/Baidu_compare_precision-eps-converted-to.pdf>
Package pdftex.def Info: Figures/Baidu_compare_precision-eps-converted-to.pdf u
sed on input line 394.
(pdftex.def)             Requested size: 82.15274pt x 66.54008pt.
Package epstopdf Info: Source file: <Figures/EachMovie_compare_precision.eps>
(epstopdf)                    date: 2016-01-10 16:28:06
(epstopdf)                    size: 15406 bytes
(epstopdf)             Output file: <Figures/EachMovie_compare_precision-eps-co
nverted-to.pdf>
(epstopdf)                    date: 2016-05-11 15:44:36
(epstopdf)                    size: 3488 bytes
(epstopdf)             Command: <epstopdf --outfile=Figures/EachMovie_compare_p
recision-eps-converted-to.pdf Figures/EachMovie_compare_precision.eps>
(epstopdf)             \includegraphics on input line 394.
Package epstopdf Info: Output file is already uptodate.

<Figures/EachMovie_compare_precision-eps-converted-to.pdf, id=937, 522.95375pt 
x 423.5825pt>
File: Figures/EachMovie_compare_precision-eps-converted-to.pdf Graphic file (ty
pe pdf)
 <use Figures/EachMovie_compare_precision-eps-converted-to.pdf>
Package pdftex.def Info: Figures/EachMovie_compare_precision-eps-converted-to.p
df used on input line 394.
(pdftex.def)             Requested size: 82.15274pt x 66.54008pt.
Package epstopdf Info: Source file: <Figures/Jester_compare_precision.eps>
(epstopdf)                    date: 2016-01-10 16:28:06
(epstopdf)                    size: 15402 bytes
(epstopdf)             Output file: <Figures/Jester_compare_precision-eps-conve
rted-to.pdf>
(epstopdf)                    date: 2016-05-11 15:44:38
(epstopdf)                    size: 3477 bytes
(epstopdf)             Command: <epstopdf --outfile=Figures/Jester_compare_prec
ision-eps-converted-to.pdf Figures/Jester_compare_precision.eps>
(epstopdf)             \includegraphics on input line 394.
Package epstopdf Info: Output file is already uptodate.

<Figures/Jester_compare_precision-eps-converted-to.pdf, id=938, 522.95375pt x 4
23.5825pt>
File: Figures/Jester_compare_precision-eps-converted-to.pdf Graphic file (type 
pdf)
 <use Figures/Jester_compare_precision-eps-converted-to.pdf>
Package pdftex.def Info: Figures/Jester_compare_precision-eps-converted-to.pdf 
used on input line 394.
(pdftex.def)             Requested size: 82.15274pt x 66.54008pt.
Package epstopdf Info: Source file: <Figures/MovieLens_compare_precision.eps>
(epstopdf)                    date: 2016-01-10 16:28:06
(epstopdf)                    size: 14394 bytes
(epstopdf)             Output file: <Figures/MovieLens_compare_precision-eps-co
nverted-to.pdf>
(epstopdf)                    date: 2016-05-11 15:44:38
(epstopdf)                    size: 3435 bytes
(epstopdf)             Command: <epstopdf --outfile=Figures/MovieLens_compare_p
recision-eps-converted-to.pdf Figures/MovieLens_compare_precision.eps>
(epstopdf)             \includegraphics on input line 394.
Package epstopdf Info: Output file is already uptodate.

<Figures/MovieLens_compare_precision-eps-converted-to.pdf, id=939, 522.95375pt 
x 423.5825pt>
File: Figures/MovieLens_compare_precision-eps-converted-to.pdf Graphic file (ty
pe pdf)
 <use Figures/MovieLens_compare_precision-eps-converted-to.pdf>
Package pdftex.def Info: Figures/MovieLens_compare_precision-eps-converted-to.p
df used on input line 394.
(pdftex.def)             Requested size: 82.15274pt x 66.54008pt.

[27

 <C:/Z-others/è½¬ç§»çš„èµ„æ–™/LatexPPT-template/presentation_tex/è‹±æ–‡presenta
tion/Presentation_qy/Presentation/Figures/Baidu_compare_precision-eps-converted
-to.pdf> <C:/Z-others/è½¬ç§»çš„èµ„æ–™/LatexPPT-template/presentation_tex/è‹±æ–‡
presentation/Presentation_qy/Presentation/Figures/EachMovie_compare_precision-e
ps-converted-to.pdf> <C:/Z-others/è½¬ç§»çš„èµ„æ–™/LatexPPT-template/presentatio
n_tex/è‹±æ–‡presentation/Presentation_qy/Presentation/Figures/Jester_compare_pr
ecision-eps-converted-to.pdf> <C:/Z-others/è½¬ç§»çš„èµ„æ–™/LatexPPT-template/pr
esentation_tex/è‹±æ–‡presentation/Presentation_qy/Presentation/Figures/MovieLen
s_compare_precision-eps-converted-to.pdf>]
Package epstopdf Info: Source file: <Figures/Baidu_compare_recall.eps>
(epstopdf)                    date: 2016-01-10 16:28:06
(epstopdf)                    size: 14990 bytes
(epstopdf)             Output file: <Figures/Baidu_compare_recall-eps-converted
-to.pdf>
(epstopdf)                    date: 2016-05-11 15:44:40
(epstopdf)                    size: 3449 bytes
(epstopdf)             Command: <epstopdf --outfile=Figures/Baidu_compare_recal
l-eps-converted-to.pdf Figures/Baidu_compare_recall.eps>
(epstopdf)             \includegraphics on input line 416.
Package epstopdf Info: Output file is already uptodate.

<Figures/Baidu_compare_recall-eps-converted-to.pdf, id=987, 522.95375pt x 423.5
825pt>
File: Figures/Baidu_compare_recall-eps-converted-to.pdf Graphic file (type pdf)

 <use Figures/Baidu_compare_recall-eps-converted-to.pdf>
Package pdftex.def Info: Figures/Baidu_compare_recall-eps-converted-to.pdf used
 on input line 416.
(pdftex.def)             Requested size: 82.15274pt x 66.54008pt.
Package epstopdf Info: Source file: <Figures/EachMovie_compare_recall.eps>
(epstopdf)                    date: 2016-01-10 16:28:06
(epstopdf)                    size: 15388 bytes
(epstopdf)             Output file: <Figures/EachMovie_compare_recall-eps-conve
rted-to.pdf>
(epstopdf)                    date: 2016-05-11 15:44:42
(epstopdf)                    size: 3471 bytes
(epstopdf)             Command: <epstopdf --outfile=Figures/EachMovie_compare_r
ecall-eps-converted-to.pdf Figures/EachMovie_compare_recall.eps>
(epstopdf)             \includegraphics on input line 416.
Package epstopdf Info: Output file is already uptodate.

<Figures/EachMovie_compare_recall-eps-converted-to.pdf, id=988, 522.95375pt x 4
23.5825pt>
File: Figures/EachMovie_compare_recall-eps-converted-to.pdf Graphic file (type 
pdf)
 <use Figures/EachMovie_compare_recall-eps-converted-to.pdf>
Package pdftex.def Info: Figures/EachMovie_compare_recall-eps-converted-to.pdf 
used on input line 416.
(pdftex.def)             Requested size: 82.15274pt x 66.54008pt.
Package epstopdf Info: Source file: <Figures/Jester_compare_recall.eps>
(epstopdf)                    date: 2016-01-10 16:28:06
(epstopdf)                    size: 15530 bytes
(epstopdf)             Output file: <Figures/Jester_compare_recall-eps-converte
d-to.pdf>
(epstopdf)                    date: 2016-05-11 15:44:42
(epstopdf)                    size: 3490 bytes
(epstopdf)             Command: <epstopdf --outfile=Figures/Jester_compare_reca
ll-eps-converted-to.pdf Figures/Jester_compare_recall.eps>
(epstopdf)             \includegraphics on input line 416.
Package epstopdf Info: Output file is already uptodate.

<Figures/Jester_compare_recall-eps-converted-to.pdf, id=989, 522.95375pt x 423.
5825pt>
File: Figures/Jester_compare_recall-eps-converted-to.pdf Graphic file (type pdf
)
 <use Figures/Jester_compare_recall-eps-converted-to.pdf>
Package pdftex.def Info: Figures/Jester_compare_recall-eps-converted-to.pdf use
d on input line 416.
(pdftex.def)             Requested size: 82.15274pt x 66.54008pt.
Package epstopdf Info: Source file: <Figures/MovieLens_compare_recall.eps>
(epstopdf)                    date: 2016-01-10 16:28:06
(epstopdf)                    size: 14662 bytes
(epstopdf)             Output file: <Figures/MovieLens_compare_recall-eps-conve
rted-to.pdf>
(epstopdf)                    date: 2016-05-11 15:44:44
(epstopdf)                    size: 3439 bytes
(epstopdf)             Command: <epstopdf --outfile=Figures/MovieLens_compare_r
ecall-eps-converted-to.pdf Figures/MovieLens_compare_recall.eps>
(epstopdf)             \includegraphics on input line 416.
Package epstopdf Info: Output file is already uptodate.

<Figures/MovieLens_compare_recall-eps-converted-to.pdf, id=990, 522.95375pt x 4
23.5825pt>
File: Figures/MovieLens_compare_recall-eps-converted-to.pdf Graphic file (type 
pdf)
 <use Figures/MovieLens_compare_recall-eps-converted-to.pdf>
Package pdftex.def Info: Figures/MovieLens_compare_recall-eps-converted-to.pdf 
used on input line 416.
(pdftex.def)             Requested size: 82.15274pt x 66.54008pt.
Package epstopdf Info: Source file: <Figures/Baidu_compare_F1.eps>
(epstopdf)                    date: 2016-01-10 16:28:06
(epstopdf)                    size: 14396 bytes
(epstopdf)             Output file: <Figures/Baidu_compare_F1-eps-converted-to.
pdf>
(epstopdf)                    date: 2016-05-11 15:44:46
(epstopdf)                    size: 3421 bytes
(epstopdf)             Command: <epstopdf --outfile=Figures/Baidu_compare_F1-ep
s-converted-to.pdf Figures/Baidu_compare_F1.eps>
(epstopdf)             \includegraphics on input line 416.
Package epstopdf Info: Output file is already uptodate.

<Figures/Baidu_compare_F1-eps-converted-to.pdf, id=991, 522.95375pt x 423.5825p
t>
File: Figures/Baidu_compare_F1-eps-converted-to.pdf Graphic file (type pdf)
 <use Figures/Baidu_compare_F1-eps-converted-to.pdf>
Package pdftex.def Info: Figures/Baidu_compare_F1-eps-converted-to.pdf used on 
input line 416.
(pdftex.def)             Requested size: 82.15274pt x 66.54008pt.
Package epstopdf Info: Source file: <Figures/EachMovie_compare_F1.eps>
(epstopdf)                    date: 2016-01-10 16:28:06
(epstopdf)                    size: 15398 bytes
(epstopdf)             Output file: <Figures/EachMovie_compare_F1-eps-converted
-to.pdf>
(epstopdf)                    date: 2016-05-11 15:44:48
(epstopdf)                    size: 3463 bytes
(epstopdf)             Command: <epstopdf --outfile=Figures/EachMovie_compare_F
1-eps-converted-to.pdf Figures/EachMovie_compare_F1.eps>
(epstopdf)             \includegraphics on input line 416.
Package epstopdf Info: Output file is already uptodate.

<Figures/EachMovie_compare_F1-eps-converted-to.pdf, id=992, 522.95375pt x 423.5
825pt>
File: Figures/EachMovie_compare_F1-eps-converted-to.pdf Graphic file (type pdf)

 <use Figures/EachMovie_compare_F1-eps-converted-to.pdf>
Package pdftex.def Info: Figures/EachMovie_compare_F1-eps-converted-to.pdf used
 on input line 416.
(pdftex.def)             Requested size: 82.15274pt x 66.54008pt.
Package epstopdf Info: Source file: <Figures/Jester_compare_F1.eps>
(epstopdf)                    date: 2016-01-10 16:28:06
(epstopdf)                    size: 14662 bytes
(epstopdf)             Output file: <Figures/Jester_compare_F1-eps-converted-to
.pdf>
(epstopdf)                    date: 2016-05-11 15:44:48
(epstopdf)                    size: 3422 bytes
(epstopdf)             Command: <epstopdf --outfile=Figures/Jester_compare_F1-e
ps-converted-to.pdf Figures/Jester_compare_F1.eps>
(epstopdf)             \includegraphics on input line 416.
Package epstopdf Info: Output file is already uptodate.

<Figures/Jester_compare_F1-eps-converted-to.pdf, id=993, 522.95375pt x 423.5825
pt>
File: Figures/Jester_compare_F1-eps-converted-to.pdf Graphic file (type pdf)
 <use Figures/Jester_compare_F1-eps-converted-to.pdf>
Package pdftex.def Info: Figures/Jester_compare_F1-eps-converted-to.pdf used on
 input line 416.
(pdftex.def)             Requested size: 82.15274pt x 66.54008pt.
Package epstopdf Info: Source file: <Figures/MovieLens_compare_F1.eps>
(epstopdf)                    date: 2016-01-10 16:28:06
(epstopdf)                    size: 15003 bytes
(epstopdf)             Output file: <Figures/MovieLens_compare_F1-eps-converted
-to.pdf>
(epstopdf)                    date: 2016-05-11 15:44:50
(epstopdf)                    size: 3443 bytes
(epstopdf)             Command: <epstopdf --outfile=Figures/MovieLens_compare_F
1-eps-converted-to.pdf Figures/MovieLens_compare_F1.eps>
(epstopdf)             \includegraphics on input line 416.
Package epstopdf Info: Output file is already uptodate.

<Figures/MovieLens_compare_F1-eps-converted-to.pdf, id=994, 522.95375pt x 423.5
825pt>
File: Figures/MovieLens_compare_F1-eps-converted-to.pdf Graphic file (type pdf)

 <use Figures/MovieLens_compare_F1-eps-converted-to.pdf>
Package pdftex.def Info: Figures/MovieLens_compare_F1-eps-converted-to.pdf used
 on input line 416.
(pdftex.def)             Requested size: 82.15274pt x 66.54008pt.
 [28

 <C:/Z-others/è½¬ç§»çš„èµ„æ–™/LatexPPT-template/presentation_tex/è‹±æ–‡presenta
tion/Presentation_qy/Presentation/Figures/Baidu_compare_recall-eps-converted-to
.pdf> <C:/Z-others/è½¬ç§»çš„èµ„æ–™/LatexPPT-template/presentation_tex/è‹±æ–‡pre
sentation/Presentation_qy/Presentation/Figures/EachMovie_compare_recall-eps-con
verted-to.pdf> <C:/Z-others/è½¬ç§»çš„èµ„æ–™/LatexPPT-template/presentation_tex/
è‹±æ–‡presentation/Presentation_qy/Presentation/Figures/Jester_compare_recall-e
ps-converted-to.pdf> <C:/Z-others/è½¬ç§»çš„èµ„æ–™/LatexPPT-template/presentatio
n_tex/è‹±æ–‡presentation/Presentation_qy/Presentation/Figures/MovieLens_compare
_recall-eps-converted-to.pdf> <C:/Z-others/è½¬ç§»çš„èµ„æ–™/LatexPPT-template/pr
esentation_tex/è‹±æ–‡presentation/Presentation_qy/Presentation/Figures/Baidu_co
mpare_F1-eps-converted-to.pdf> <C:/Z-others/è½¬ç§»çš„èµ„æ–™/LatexPPT-template/p
resentation_tex/è‹±æ–‡presentation/Presentation_qy/Presentation/Figures/EachMov
ie_compare_F1-eps-converted-to.pdf> <C:/Z-others/è½¬ç§»çš„èµ„æ–™/LatexPPT-templ
ate/presentation_tex/è‹±æ–‡presentation/Presentation_qy/Presentation/Figures/Je
ster_compare_F1-eps-converted-to.pdf> <C:/Z-others/è½¬ç§»çš„èµ„æ–™/LatexPPT-tem
plate/presentation_tex/è‹±æ–‡presentation/Presentation_qy/Presentation/Figures/
MovieLens_compare_F1-eps-converted-to.pdf>] [29

] [30

] [31

] [32

] [33

] [34

]
\tf@nav=\write6
\tf@toc=\write7
\tf@snm=\write8
Package atveryend Info: Empty hook `BeforeClearDocument' on input line 442.
Package atveryend Info: Empty hook `AfterLastShipout' on input line 442.

(C:\Z-others\è½¬ç§»çš„èµ„æ–™\LatexPPT-template\presentation_tex\è‹±æ–‡presentat
ion\Presentation_qy\Presentation\IScIDE2016_qy.aux)
Package atveryend Info: Executing hook `AtVeryEndDocument' on input line 442.
Package atveryend Info: Executing hook `AtEndAfterFileList' on input line 442.
Package rerunfilecheck Info: File `IScIDE2016_qy.out' has not changed.
(rerunfilecheck)             Checksum: 47583FC303B4CEA6F855F61D54CA67CC;847.
 ) 
Here is how much of TeX's memory you used:
 16738 strings out of 495354
 314053 string characters out of 3183243
 379397 words of memory out of 3000000
 19305 multiletter control sequences out of 15000+200000
 61484 words of font info for 83 fonts, out of 3000000 for 9000
 14 hyphenation exceptions out of 8191
 49i,16n,62p,533b,646s stack positions out of 5000i,500n,10000p,200000b,50000s
{C:/B-Software/CTEX/MiKTeX/fonts/enc/dvips/fontname/8r.enc}<C:/B-Software/CTE
X/MiKTeX/fonts/type1/public/amsfonts/cm/cmex10.pfb><C:/B-Software/CTEX/MiKTeX/f
onts/type1/public/amsfonts/cm/cmmi10.pfb><C:/B-Software/CTEX/MiKTeX/fonts/type1
/public/amsfonts/cm/cmmi12.pfb><C:/B-Software/CTEX/MiKTeX/fonts/type1/public/am
sfonts/cm/cmmi7.pfb><C:/B-Software/CTEX/MiKTeX/fonts/type1/public/amsfonts/cm/c
mmi8.pfb><C:/B-Software/CTEX/MiKTeX/fonts/type1/public/amsfonts/cm/cmss10.pfb><
C:/B-Software/CTEX/MiKTeX/fonts/type1/public/amsfonts/cm/cmss8.pfb><C:/B-Softwa
re/CTEX/MiKTeX/fonts/type1/public/amsfonts/cm/cmsy10.pfb><C:/B-Software/CTEX/Mi
KTeX/fonts/type1/public/amsfonts/cm/cmsy8.pfb><C:/B-Software/CTEX/MiKTeX/fonts/
type1/urw/helvetic/uhvb8a.pfb><C:/B-Software/CTEX/MiKTeX/fonts/type1/urw/helvet
ic/uhvr8a.pfb><C:/B-Software/CTEX/MiKTeX/fonts/type1/urw/helvetic/uhvro8a.pfb>
Output written on IScIDE2016_qy.pdf (34 pages, 549912 bytes).
PDF statistics:
 1284 PDF objects out of 1440 (max. 8388607)
 131 named destinations out of 1000 (max. 500000)
 350 words of extra memory for PDF output out of 10000 (max. 10000000)

